Symlinking /home/dipper/FR5_moveit/devel/lib/libmoveit_depth_image_octomap_updater.so
Symlinking /home/dipper/FR5_moveit/devel/lib/libmoveit_pointcloud_octomap_updater.so
Symlinking /home/dipper/FR5_moveit/devel/lib/libmoveit_pointcloud_octomap_updater.so.1.1.16
Symlinking /home/dipper/FR5_moveit/devel/lib/libmoveit_depth_image_octomap_updater_core.so
Symlinking /home/dipper/FR5_moveit/devel/lib/libmoveit_pointcloud_octomap_updater_core.so
Symlinking /home/dipper/FR5_moveit/devel/lib/libmoveit_lazy_free_space_updater.so.1.1.16
Symlinking /home/dipper/FR5_moveit/devel/lib/libmoveit_point_containment_filter.so.1.1.16
Symlinking /home/dipper/FR5_moveit/devel/lib/libmoveit_semantic_world.so.1.1.16
Symlinking /home/dipper/FR5_moveit/devel/lib/libmoveit_point_containment_filter.so
Symlinking /home/dipper/FR5_moveit/devel/lib/libmoveit_pointcloud_octomap_updater_core.so.1.1.16
Symlinking /home/dipper/FR5_moveit/devel/lib/libmoveit_depth_self_filter.so
Symlinking /home/dipper/FR5_moveit/devel/lib/libmoveit_depth_image_octomap_updater_core.so.1.1.16
Symlinking /home/dipper/FR5_moveit/devel/lib/libmoveit_mesh_filter.so
Symlinking /home/dipper/FR5_moveit/devel/lib/libmoveit_mesh_filter.so.1.1.16
Symlinking /home/dipper/FR5_moveit/devel/lib/libmoveit_semantic_world.so
Symlinking /home/dipper/FR5_moveit/devel/lib/libmoveit_depth_self_filter.so.1.1.16
Symlinking /home/dipper/FR5_moveit/devel/lib/libmoveit_depth_image_octomap_updater.so.1.1.16
Symlinking /home/dipper/FR5_moveit/devel/lib/libmoveit_lazy_free_space_updater.so
Symlinking /home/dipper/FR5_moveit/devel/lib/pkgconfig/moveit_ros_perception.pc
Symlinking /home/dipper/FR5_moveit/devel/share/moveit_ros_perception/cmake/moveit_ros_perceptionConfig-version.cmake
Symlinking /home/dipper/FR5_moveit/devel/share/moveit_ros_perception/cmake/moveit_ros_perceptionConfig.cmake
